<?xml version="1.0" encoding="UTF-8"?>
<coverage generated="1694101558101" clover="3.2.0">
  <project timestamp="1694101558101" name="All files">
    <metrics statements="94" coveredstatements="38" conditionals="43" coveredconditionals="12" methods="45" coveredmethods="9" elements="182" coveredelements="59" complexity="0" loc="94" ncloc="94" packages="1" files="5" classes="5"/>
    <file name="App.js" path="/Users/johnwroge/spaced_recall/src/App.js">
      <metrics statements="2" coveredstatements="2" conditionals="0" coveredconditionals="0" methods="1" coveredmethods="1"/>
      <line num="8" count="1" type="stmt"/>
      <line num="9" count="2" type="stmt"/>
    </file>
    <file name="Card.js" path="/Users/johnwroge/spaced_recall/src/Card.js">
      <metrics statements="12" coveredstatements="8" conditionals="8" coveredconditionals="7" methods="4" coveredmethods="2"/>
      <line num="8" count="3" type="stmt"/>
      <line num="10" count="3" type="stmt"/>
      <line num="15" count="3" type="stmt"/>
      <line num="16" count="1" type="stmt"/>
      <line num="20" count="3" type="stmt"/>
      <line num="21" count="0" type="stmt"/>
      <line num="22" count="0" type="stmt"/>
      <line num="27" count="3" type="stmt"/>
      <line num="28" count="0" type="stmt"/>
      <line num="29" count="0" type="stmt"/>
      <line num="33" count="3" type="cond" truecount="1" falsecount="1"/>
      <line num="35" count="3" type="stmt"/>
    </file>
    <file name="CreateCard.js" path="/Users/johnwroge/spaced_recall/src/CreateCard.js">
      <metrics statements="1" coveredstatements="1" conditionals="0" coveredconditionals="0" methods="1" coveredmethods="1"/>
      <line num="4" count="3" type="stmt"/>
    </file>
    <file name="UserDisplay.js" path="/Users/johnwroge/spaced_recall/src/UserDisplay.js">
      <metrics statements="78" coveredstatements="27" conditionals="35" coveredconditionals="5" methods="38" coveredmethods="5"/>
      <line num="11" count="2" type="stmt"/>
      <line num="14" count="2" type="stmt"/>
      <line num="17" count="2" type="stmt"/>
      <line num="19" count="2" type="stmt"/>
      <line num="22" count="2" type="stmt"/>
      <line num="33" count="2" type="stmt"/>
      <line num="34" count="0" type="stmt"/>
      <line num="41" count="2" type="stmt"/>
      <line num="42" count="2" type="stmt"/>
      <line num="43" count="0" type="stmt"/>
      <line num="44" count="0" type="stmt"/>
      <line num="45" count="0" type="stmt"/>
      <line num="46" count="0" type="stmt"/>
      <line num="49" count="2" type="stmt"/>
      <line num="51" count="2" type="stmt"/>
      <line num="52" count="2" type="stmt"/>
      <line num="63" count="2" type="stmt"/>
      <line num="64" count="0" type="stmt"/>
      <line num="65" count="0" type="stmt"/>
      <line num="76" count="2" type="stmt"/>
      <line num="77" count="0" type="stmt"/>
      <line num="78" count="0" type="stmt"/>
      <line num="87" count="0" type="stmt"/>
      <line num="95" count="0" type="cond" truecount="0" falsecount="2"/>
      <line num="96" count="0" type="stmt"/>
      <line num="100" count="0" type="stmt"/>
      <line num="102" count="0" type="stmt"/>
      <line num="110" count="2" type="stmt"/>
      <line num="113" count="0" type="stmt"/>
      <line num="114" count="0" type="stmt"/>
      <line num="116" count="0" type="stmt"/>
      <line num="117" count="0" type="cond" truecount="0" falsecount="2"/>
      <line num="119" count="0" type="cond" truecount="0" falsecount="2"/>
      <line num="120" count="0" type="stmt"/>
      <line num="122" count="0" type="stmt"/>
      <line num="135" count="0" type="stmt"/>
      <line num="137" count="0" type="stmt"/>
      <line num="139" count="0" type="stmt"/>
      <line num="148" count="2" type="stmt"/>
      <line num="150" count="0" type="stmt"/>
      <line num="152" count="0" type="stmt"/>
      <line num="153" count="0" type="stmt"/>
      <line num="154" count="0" type="cond" truecount="0" falsecount="2"/>
      <line num="155" count="0" type="stmt"/>
      <line num="158" count="0" type="stmt"/>
      <line num="171" count="0" type="stmt"/>
      <line num="172" count="0" type="stmt"/>
      <line num="173" count="0" type="stmt"/>
      <line num="181" count="2" type="stmt"/>
      <line num="182" count="2" type="stmt"/>
      <line num="183" count="0" type="stmt"/>
      <line num="184" count="0" type="cond" truecount="0" falsecount="4"/>
      <line num="185" count="0" type="stmt"/>
      <line num="186" count="0" type="stmt"/>
      <line num="187" count="0" type="stmt"/>
      <line num="188" count="0" type="cond" truecount="0" falsecount="2"/>
      <line num="190" count="0" type="stmt"/>
      <line num="200" count="0" type="stmt"/>
      <line num="201" count="0" type="stmt"/>
      <line num="202" count="0" type="stmt"/>
      <line num="207" count="2" type="stmt"/>
      <line num="208" count="2" type="stmt"/>
      <line num="220" count="2" type="cond" truecount="1" falsecount="1"/>
      <line num="221" count="2" type="cond" truecount="0" falsecount="3"/>
      <line num="222" count="2" type="stmt"/>
      <line num="224" count="0" type="cond" truecount="0" falsecount="2"/>
      <line num="225" count="0" type="stmt"/>
      <line num="230" count="2" type="cond" truecount="3" falsecount="1"/>
      <line num="231" count="0" type="cond" truecount="0" falsecount="4"/>
      <line num="232" count="0" type="stmt"/>
      <line num="233" count="0" type="cond" truecount="0" falsecount="4"/>
      <line num="234" count="0" type="stmt"/>
      <line num="236" count="2" type="stmt"/>
      <line num="241" count="2" type="cond" truecount="1" falsecount="1"/>
      <line num="242" count="2" type="stmt"/>
      <line num="244" count="0" type="stmt"/>
      <line num="248" count="2" type="stmt"/>
      <line num="262" count="0" type="stmt"/>
    </file>
    <file name="UserLogin.js" path="/Users/johnwroge/spaced_recall/src/UserLogin.js">
      <metrics statements="1" coveredstatements="0" conditionals="0" coveredconditionals="0" methods="1" coveredmethods="0"/>
      <line num="4" count="0" type="stmt"/>
    </file>
  </project>
</coverage>
