{"/Users/johnwroge/spaced_recall/src/App.js": {"path":"/Users/johnwroge/spaced_recall/src/App.js","statementMap":{"0":{"start":{"line":9,"column":12},"end":{"line":34,"column":1}},"1":{"start":{"line":10,"column":2},"end":{"line":33,"column":4}}},"fnMap":{"0":{"name":"(anonymous_0)","decl":{"start":{"line":9,"column":12},"end":{"line":9,"column":13}},"loc":{"start":{"line":9,"column":18},"end":{"line":34,"column":1}},"line":9}},"branchMap":{},"s":{"0":1,"1":2},"f":{"0":2},"b":{},"_coverageSchema":"1a1c01bbd47fc00a2c39e90264f33305004495a9","hash":"7f5cdc8f1301cf805a2f273a708762ce3f8c9705"}
,"/Users/johnwroge/spaced_recall/src/Card.js": {"path":"/Users/johnwroge/spaced_recall/src/Card.js","statementMap":{"0":{"start":{"line":8,"column":28},"end":{"line":8,"column":43}},"1":{"start":{"line":10,"column":48},"end":{"line":10,"column":63}},"2":{"start":{"line":15,"column":23},"end":{"line":17,"column":3}},"3":{"start":{"line":16,"column":4},"end":{"line":16,"column":21}},"4":{"start":{"line":20,"column":26},"end":{"line":24,"column":3}},"5":{"start":{"line":21,"column":4},"end":{"line":21,"column":29}},"6":{"start":{"line":22,"column":4},"end":{"line":22,"column":20}},"7":{"start":{"line":27,"column":24},"end":{"line":30,"column":3}},"8":{"start":{"line":28,"column":4},"end":{"line":28,"column":29}},"9":{"start":{"line":29,"column":4},"end":{"line":29,"column":18}},"10":{"start":{"line":33,"column":15},"end":{"line":33,"column":51}},"11":{"start":{"line":35,"column":2},"end":{"line":55,"column":4}}},"fnMap":{"0":{"name":"Card","decl":{"start":{"line":6,"column":24},"end":{"line":6,"column":28}},"loc":{"start":{"line":6,"column":116},"end":{"line":56,"column":1}},"line":6},"1":{"name":"(anonymous_1)","decl":{"start":{"line":15,"column":23},"end":{"line":15,"column":24}},"loc":{"start":{"line":15,"column":29},"end":{"line":17,"column":3}},"line":15},"2":{"name":"(anonymous_2)","decl":{"start":{"line":20,"column":26},"end":{"line":20,"column":27}},"loc":{"start":{"line":20,"column":32},"end":{"line":24,"column":3}},"line":20},"3":{"name":"(anonymous_3)","decl":{"start":{"line":27,"column":24},"end":{"line":27,"column":25}},"loc":{"start":{"line":27,"column":30},"end":{"line":30,"column":3}},"line":27}},"branchMap":{"0":{"loc":{"start":{"line":33,"column":15},"end":{"line":33,"column":51}},"type":"cond-expr","locations":[{"start":{"line":33,"column":35},"end":{"line":33,"column":36}},{"start":{"line":33,"column":38},"end":{"line":33,"column":51}}],"line":33},"1":{"loc":{"start":{"line":38,"column":7},"end":{"line":38,"column":74}},"type":"binary-expr","locations":[{"start":{"line":38,"column":7},"end":{"line":38,"column":12}},{"start":{"line":38,"column":16},"end":{"line":38,"column":74}}],"line":38},"2":{"loc":{"start":{"line":44,"column":8},"end":{"line":46,"column":9}},"type":"binary-expr","locations":[{"start":{"line":44,"column":8},"end":{"line":44,"column":14}},{"start":{"line":45,"column":6},"end":{"line":45,"column":91}}],"line":44},"3":{"loc":{"start":{"line":48,"column":7},"end":{"line":53,"column":7}},"type":"binary-expr","locations":[{"start":{"line":48,"column":7},"end":{"line":48,"column":12}},{"start":{"line":49,"column":8},"end":{"line":52,"column":11}}],"line":48}},"s":{"0":3,"1":3,"2":3,"3":1,"4":3,"5":0,"6":0,"7":3,"8":0,"9":0,"10":3,"11":3},"f":{"0":3,"1":1,"2":0,"3":0},"b":{"0":[0,3],"1":[3,1],"2":[3,2],"3":[3,1]},"_coverageSchema":"1a1c01bbd47fc00a2c39e90264f33305004495a9","hash":"93dd42b78902e87655374a7e325ee91c7e37a208"}
,"/Users/johnwroge/spaced_recall/src/CreateCard.js": {"path":"/Users/johnwroge/spaced_recall/src/CreateCard.js","statementMap":{"0":{"start":{"line":4,"column":2},"end":{"line":27,"column":4}}},"fnMap":{"0":{"name":"CreateCard","decl":{"start":{"line":3,"column":24},"end":{"line":3,"column":34}},"loc":{"start":{"line":3,"column":76},"end":{"line":28,"column":1}},"line":3}},"branchMap":{},"s":{"0":4},"f":{"0":4},"b":{},"_coverageSchema":"1a1c01bbd47fc00a2c39e90264f33305004495a9","hash":"2f1f23ca890708bbab2a25dfb7cee01d90f051d3"}
,"/Users/johnwroge/spaced_recall/src/Login.js": {"path":"/Users/johnwroge/spaced_recall/src/Login.js","statementMap":{"0":{"start":{"line":4,"column":14},"end":{"line":34,"column":1}},"1":{"start":{"line":5,"column":34},"end":{"line":5,"column":46}},"2":{"start":{"line":6,"column":34},"end":{"line":6,"column":46}},"3":{"start":{"line":8,"column":22},"end":{"line":10,"column":3}},"4":{"start":{"line":9,"column":4},"end":{"line":9,"column":23}},"5":{"start":{"line":12,"column":2},"end":{"line":33,"column":4}},"6":{"start":{"line":20,"column":27},"end":{"line":20,"column":54}},"7":{"start":{"line":27,"column":27},"end":{"line":27,"column":54}}},"fnMap":{"0":{"name":"(anonymous_0)","decl":{"start":{"line":4,"column":14},"end":{"line":4,"column":15}},"loc":{"start":{"line":4,"column":20},"end":{"line":34,"column":1}},"line":4},"1":{"name":"(anonymous_1)","decl":{"start":{"line":8,"column":22},"end":{"line":8,"column":23}},"loc":{"start":{"line":8,"column":29},"end":{"line":10,"column":3}},"line":8},"2":{"name":"(anonymous_2)","decl":{"start":{"line":20,"column":20},"end":{"line":20,"column":21}},"loc":{"start":{"line":20,"column":27},"end":{"line":20,"column":54}},"line":20},"3":{"name":"(anonymous_3)","decl":{"start":{"line":27,"column":20},"end":{"line":27,"column":21}},"loc":{"start":{"line":27,"column":27},"end":{"line":27,"column":54}},"line":27}},"branchMap":{},"s":{"0":1,"1":0,"2":0,"3":0,"4":0,"5":0,"6":0,"7":0},"f":{"0":0,"1":0,"2":0,"3":0},"b":{},"_coverageSchema":"1a1c01bbd47fc00a2c39e90264f33305004495a9","hash":"c87f7beed43182ecaa06783d6c3c6da32b8af3af"}
,"/Users/johnwroge/spaced_recall/src/UserDisplay.js": {"path":"/Users/johnwroge/spaced_recall/src/UserDisplay.js","statementMap":{"0":{"start":{"line":11,"column":19},"end":{"line":11,"column":96}},"1":{"start":{"line":15,"column":28},"end":{"line":15,"column":40}},"2":{"start":{"line":17,"column":32},"end":{"line":17,"column":44}},"3":{"start":{"line":19,"column":34},"end":{"line":19,"column":49}},"4":{"start":{"line":22,"column":34},"end":{"line":29,"column":4}},"5":{"start":{"line":33,"column":29},"end":{"line":35,"column":3}},"6":{"start":{"line":34,"column":4},"end":{"line":34,"column":30}},"7":{"start":{"line":34,"column":24},"end":{"line":34,"column":29}},"8":{"start":{"line":41,"column":2},"end":{"line":54,"column":9}},"9":{"start":{"line":42,"column":23},"end":{"line":47,"column":5}},"10":{"start":{"line":43,"column":6},"end":{"line":46,"column":68}},"11":{"start":{"line":44,"column":21},"end":{"line":44,"column":31}},"12":{"start":{"line":45,"column":22},"end":{"line":45,"column":48}},"13":{"start":{"line":46,"column":22},"end":{"line":46,"column":66}},"14":{"start":{"line":49,"column":18},"end":{"line":49,"column":47}},"15":{"start":{"line":51,"column":4},"end":{"line":53,"column":6}},"16":{"start":{"line":52,"column":6},"end":{"line":52,"column":27}},"17":{"start":{"line":63,"column":23},"end":{"line":69,"column":3}},"18":{"start":{"line":64,"column":28},"end":{"line":64,"column":36}},"19":{"start":{"line":65,"column":4},"end":{"line":68,"column":8}},"20":{"start":{"line":65,"column":35},"end":{"line":68,"column":5}},"21":{"start":{"line":76,"column":27},"end":{"line":106,"column":3}},"22":{"start":{"line":77,"column":4},"end":{"line":77,"column":27}},"23":{"start":{"line":78,"column":20},"end":{"line":85,"column":5}},"24":{"start":{"line":87,"column":6},"end":{"line":101,"column":9}},"25":{"start":{"line":95,"column":8},"end":{"line":97,"column":9}},"26":{"start":{"line":96,"column":10},"end":{"line":96,"column":52}},"27":{"start":{"line":100,"column":8},"end":{"line":100,"column":61}},"28":{"start":{"line":102,"column":4},"end":{"line":105,"column":7}},"29":{"start":{"line":110,"column":31},"end":{"line":139,"column":3}},"30":{"start":{"line":112,"column":17},"end":{"line":112,"column":54}},"31":{"start":{"line":112,"column":38},"end":{"line":112,"column":53}},"32":{"start":{"line":113,"column":31},"end":{"line":113,"column":35}},"33":{"start":{"line":115,"column":22},"end":{"line":115,"column":51}},"34":{"start":{"line":116,"column":20},"end":{"line":116,"column":51}},"35":{"start":{"line":118,"column":25},"end":{"line":118,"column":68}},"36":{"start":{"line":119,"column":22},"end":{"line":119,"column":40}},"37":{"start":{"line":121,"column":4},"end":{"line":138,"column":78}},"38":{"start":{"line":134,"column":21},"end":{"line":134,"column":31}},"39":{"start":{"line":136,"column":8},"end":{"line":136,"column":58}},"40":{"start":{"line":138,"column":22},"end":{"line":138,"column":76}},"41":{"start":{"line":147,"column":20},"end":{"line":173,"column":3}},"42":{"start":{"line":149,"column":17},"end":{"line":149,"column":54}},"43":{"start":{"line":149,"column":38},"end":{"line":149,"column":53}},"44":{"start":{"line":151,"column":22},"end":{"line":151,"column":51}},"45":{"start":{"line":152,"column":20},"end":{"line":152,"column":32}},"46":{"start":{"line":153,"column":22},"end":{"line":153,"column":49}},"47":{"start":{"line":154,"column":25},"end":{"line":154,"column":44}},"48":{"start":{"line":157,"column":4},"end":{"line":172,"column":67}},"49":{"start":{"line":170,"column":21},"end":{"line":170,"column":31}},"50":{"start":{"line":171,"column":22},"end":{"line":171,"column":26}},"51":{"start":{"line":172,"column":22},"end":{"line":172,"column":65}},"52":{"start":{"line":182,"column":0},"end":{"line":211,"column":12}},"53":{"start":{"line":183,"column":16},"end":{"line":206,"column":10}},"54":{"start":{"line":184,"column":4},"end":{"line":205,"column":6}},"55":{"start":{"line":185,"column":6},"end":{"line":205,"column":3}},"56":{"start":{"line":186,"column":26},"end":{"line":186,"column":55}},"57":{"start":{"line":187,"column":26},"end":{"line":187,"column":54}},"58":{"start":{"line":188,"column":28},"end":{"line":188,"column":60}},"59":{"start":{"line":189,"column":6},"end":{"line":204,"column":7}},"60":{"start":{"line":191,"column":8},"end":{"line":203,"column":72}},"61":{"start":{"line":201,"column":25},"end":{"line":201,"column":35}},"62":{"start":{"line":202,"column":26},"end":{"line":202,"column":30}},"63":{"start":{"line":203,"column":26},"end":{"line":203,"column":70}},"64":{"start":{"line":208,"column":2},"end":{"line":210,"column":4}},"65":{"start":{"line":209,"column":4},"end":{"line":209,"column":25}},"66":{"start":{"line":220,"column":2},"end":{"line":226,"column":3}},"67":{"start":{"line":221,"column":4},"end":{"line":221,"column":104}},"68":{"start":{"line":221,"column":43},"end":{"line":221,"column":102}},"69":{"start":{"line":222,"column":4},"end":{"line":222,"column":46}},"70":{"start":{"line":222,"column":32},"end":{"line":222,"column":45}},"71":{"start":{"line":224,"column":4},"end":{"line":224,"column":78}},"72":{"start":{"line":224,"column":44},"end":{"line":224,"column":76}},"73":{"start":{"line":225,"column":4},"end":{"line":225,"column":46}},"74":{"start":{"line":225,"column":32},"end":{"line":225,"column":45}},"75":{"start":{"line":232,"column":3},"end":{"line":239,"column":3}},"76":{"start":{"line":233,"column":4},"end":{"line":237,"column":3}},"77":{"start":{"line":233,"column":26},"end":{"line":233,"column":56}},"78":{"start":{"line":234,"column":5},"end":{"line":234,"column":76}},"79":{"start":{"line":235,"column":9},"end":{"line":237,"column":3}},"80":{"start":{"line":235,"column":31},"end":{"line":235,"column":65}},"81":{"start":{"line":236,"column":5},"end":{"line":236,"column":87}},"82":{"start":{"line":238,"column":5},"end":{"line":238,"column":17}},"83":{"start":{"line":242,"column":20},"end":{"line":242,"column":52}},"84":{"start":{"line":245,"column":2},"end":{"line":274,"column":4}},"85":{"start":{"line":259,"column":10},"end":{"line":270,"column":12}}},"fnMap":{"0":{"name":"UserDisplay","decl":{"start":{"line":8,"column":24},"end":{"line":8,"column":35}},"loc":{"start":{"line":8,"column":38},"end":{"line":275,"column":1}},"line":8},"1":{"name":"(anonymous_1)","decl":{"start":{"line":33,"column":29},"end":{"line":33,"column":30}},"loc":{"start":{"line":33,"column":35},"end":{"line":35,"column":3}},"line":33},"2":{"name":"(anonymous_2)","decl":{"start":{"line":34,"column":16},"end":{"line":34,"column":17}},"loc":{"start":{"line":34,"column":24},"end":{"line":34,"column":29}},"line":34},"3":{"name":"(anonymous_3)","decl":{"start":{"line":41,"column":12},"end":{"line":41,"column":13}},"loc":{"start":{"line":41,"column":18},"end":{"line":54,"column":3}},"line":41},"4":{"name":"(anonymous_4)","decl":{"start":{"line":42,"column":23},"end":{"line":42,"column":24}},"loc":{"start":{"line":42,"column":29},"end":{"line":47,"column":5}},"line":42},"5":{"name":"(anonymous_5)","decl":{"start":{"line":44,"column":14},"end":{"line":44,"column":15}},"loc":{"start":{"line":44,"column":21},"end":{"line":44,"column":31}},"line":44},"6":{"name":"(anonymous_6)","decl":{"start":{"line":45,"column":14},"end":{"line":45,"column":15}},"loc":{"start":{"line":45,"column":22},"end":{"line":45,"column":48}},"line":45},"7":{"name":"(anonymous_7)","decl":{"start":{"line":46,"column":15},"end":{"line":46,"column":16}},"loc":{"start":{"line":46,"column":22},"end":{"line":46,"column":66}},"line":46},"8":{"name":"(anonymous_8)","decl":{"start":{"line":51,"column":11},"end":{"line":51,"column":12}},"loc":{"start":{"line":51,"column":17},"end":{"line":53,"column":5}},"line":51},"9":{"name":"(anonymous_9)","decl":{"start":{"line":63,"column":23},"end":{"line":63,"column":24}},"loc":{"start":{"line":63,"column":30},"end":{"line":69,"column":3}},"line":63},"10":{"name":"(anonymous_10)","decl":{"start":{"line":65,"column":16},"end":{"line":65,"column":17}},"loc":{"start":{"line":65,"column":35},"end":{"line":68,"column":5}},"line":65},"11":{"name":"(anonymous_11)","decl":{"start":{"line":76,"column":27},"end":{"line":76,"column":28}},"loc":{"start":{"line":76,"column":38},"end":{"line":106,"column":3}},"line":76},"12":{"name":"(anonymous_12)","decl":{"start":{"line":94,"column":12},"end":{"line":94,"column":13}},"loc":{"start":{"line":94,"column":26},"end":{"line":98,"column":7}},"line":94},"13":{"name":"(anonymous_13)","decl":{"start":{"line":99,"column":13},"end":{"line":99,"column":14}},"loc":{"start":{"line":99,"column":24},"end":{"line":101,"column":7}},"line":99},"14":{"name":"(anonymous_14)","decl":{"start":{"line":110,"column":31},"end":{"line":110,"column":32}},"loc":{"start":{"line":110,"column":39},"end":{"line":139,"column":3}},"line":110},"15":{"name":"(anonymous_15)","decl":{"start":{"line":112,"column":28},"end":{"line":112,"column":29}},"loc":{"start":{"line":112,"column":38},"end":{"line":112,"column":53}},"line":112},"16":{"name":"(anonymous_16)","decl":{"start":{"line":134,"column":12},"end":{"line":134,"column":13}},"loc":{"start":{"line":134,"column":21},"end":{"line":134,"column":31}},"line":134},"17":{"name":"(anonymous_17)","decl":{"start":{"line":135,"column":12},"end":{"line":135,"column":13}},"loc":{"start":{"line":135,"column":22},"end":{"line":137,"column":7}},"line":135},"18":{"name":"(anonymous_18)","decl":{"start":{"line":138,"column":13},"end":{"line":138,"column":14}},"loc":{"start":{"line":138,"column":22},"end":{"line":138,"column":76}},"line":138},"19":{"name":"(anonymous_19)","decl":{"start":{"line":147,"column":20},"end":{"line":147,"column":21}},"loc":{"start":{"line":147,"column":28},"end":{"line":173,"column":3}},"line":147},"20":{"name":"(anonymous_20)","decl":{"start":{"line":149,"column":28},"end":{"line":149,"column":29}},"loc":{"start":{"line":149,"column":38},"end":{"line":149,"column":53}},"line":149},"21":{"name":"(anonymous_21)","decl":{"start":{"line":170,"column":12},"end":{"line":170,"column":13}},"loc":{"start":{"line":170,"column":21},"end":{"line":170,"column":31}},"line":170},"22":{"name":"(anonymous_22)","decl":{"start":{"line":171,"column":12},"end":{"line":171,"column":13}},"loc":{"start":{"line":171,"column":22},"end":{"line":171,"column":26}},"line":171},"23":{"name":"(anonymous_23)","decl":{"start":{"line":172,"column":13},"end":{"line":172,"column":14}},"loc":{"start":{"line":172,"column":22},"end":{"line":172,"column":65}},"line":172},"24":{"name":"(anonymous_24)","decl":{"start":{"line":182,"column":10},"end":{"line":182,"column":11}},"loc":{"start":{"line":182,"column":16},"end":{"line":211,"column":1}},"line":182},"25":{"name":"(anonymous_25)","decl":{"start":{"line":183,"column":28},"end":{"line":183,"column":29}},"loc":{"start":{"line":183,"column":34},"end":{"line":206,"column":3}},"line":183},"26":{"name":"(anonymous_26)","decl":{"start":{"line":184,"column":18},"end":{"line":184,"column":19}},"loc":{"start":{"line":184,"column":28},"end":{"line":205,"column":4}},"line":184},"27":{"name":"(anonymous_27)","decl":{"start":{"line":201,"column":16},"end":{"line":201,"column":17}},"loc":{"start":{"line":201,"column":25},"end":{"line":201,"column":35}},"line":201},"28":{"name":"(anonymous_28)","decl":{"start":{"line":202,"column":16},"end":{"line":202,"column":17}},"loc":{"start":{"line":202,"column":26},"end":{"line":202,"column":30}},"line":202},"29":{"name":"(anonymous_29)","decl":{"start":{"line":203,"column":17},"end":{"line":203,"column":18}},"loc":{"start":{"line":203,"column":26},"end":{"line":203,"column":70}},"line":203},"30":{"name":"(anonymous_30)","decl":{"start":{"line":208,"column":9},"end":{"line":208,"column":10}},"loc":{"start":{"line":208,"column":15},"end":{"line":210,"column":3}},"line":208},"31":{"name":"(anonymous_31)","decl":{"start":{"line":221,"column":33},"end":{"line":221,"column":34}},"loc":{"start":{"line":221,"column":43},"end":{"line":221,"column":102}},"line":221},"32":{"name":"(anonymous_32)","decl":{"start":{"line":222,"column":23},"end":{"line":222,"column":24}},"loc":{"start":{"line":222,"column":32},"end":{"line":222,"column":45}},"line":222},"33":{"name":"(anonymous_33)","decl":{"start":{"line":224,"column":33},"end":{"line":224,"column":34}},"loc":{"start":{"line":224,"column":44},"end":{"line":224,"column":76}},"line":224},"34":{"name":"(anonymous_34)","decl":{"start":{"line":225,"column":23},"end":{"line":225,"column":24}},"loc":{"start":{"line":225,"column":32},"end":{"line":225,"column":45}},"line":225},"35":{"name":"(anonymous_35)","decl":{"start":{"line":233,"column":20},"end":{"line":233,"column":21}},"loc":{"start":{"line":233,"column":26},"end":{"line":233,"column":56}},"line":233},"36":{"name":"(anonymous_36)","decl":{"start":{"line":235,"column":25},"end":{"line":235,"column":26}},"loc":{"start":{"line":235,"column":31},"end":{"line":235,"column":65}},"line":235},"37":{"name":"(anonymous_37)","decl":{"start":{"line":258,"column":27},"end":{"line":258,"column":28}},"loc":{"start":{"line":259,"column":10},"end":{"line":270,"column":12}},"line":259}},"branchMap":{"0":{"loc":{"start":{"line":45,"column":31},"end":{"line":45,"column":47}},"type":"cond-expr","locations":[{"start":{"line":45,"column":38},"end":{"line":45,"column":42}},{"start":{"line":45,"column":45},"end":{"line":45,"column":47}}],"line":45},"1":{"loc":{"start":{"line":95,"column":8},"end":{"line":97,"column":9}},"type":"if","locations":[{"start":{"line":95,"column":8},"end":{"line":97,"column":9}},{"start":{},"end":{}}],"line":95},"2":{"loc":{"start":{"line":116,"column":20},"end":{"line":116,"column":51}},"type":"cond-expr","locations":[{"start":{"line":116,"column":45},"end":{"line":116,"column":47}},{"start":{"line":116,"column":50},"end":{"line":116,"column":51}}],"line":116},"3":{"loc":{"start":{"line":118,"column":25},"end":{"line":118,"column":68}},"type":"cond-expr","locations":[{"start":{"line":118,"column":40},"end":{"line":118,"column":57}},{"start":{"line":118,"column":60},"end":{"line":118,"column":68}}],"line":118},"4":{"loc":{"start":{"line":153,"column":22},"end":{"line":153,"column":49}},"type":"cond-expr","locations":[{"start":{"line":153,"column":37},"end":{"line":153,"column":39}},{"start":{"line":153,"column":42},"end":{"line":153,"column":49}}],"line":153},"5":{"loc":{"start":{"line":185,"column":6},"end":{"line":205,"column":3}},"type":"if","locations":[{"start":{"line":185,"column":6},"end":{"line":205,"column":3}},{"start":{},"end":{}}],"line":185},"6":{"loc":{"start":{"line":185,"column":10},"end":{"line":185,"column":53}},"type":"binary-expr","locations":[{"start":{"line":185,"column":10},"end":{"line":185,"column":25}},{"start":{"line":185,"column":29},"end":{"line":185,"column":53}}],"line":185},"7":{"loc":{"start":{"line":189,"column":6},"end":{"line":204,"column":7}},"type":"if","locations":[{"start":{"line":189,"column":6},"end":{"line":204,"column":7}},{"start":{},"end":{}}],"line":189},"8":{"loc":{"start":{"line":220,"column":2},"end":{"line":226,"column":3}},"type":"if","locations":[{"start":{"line":220,"column":2},"end":{"line":226,"column":3}},{"start":{"line":223,"column":9},"end":{"line":226,"column":3}}],"line":220},"9":{"loc":{"start":{"line":221,"column":43},"end":{"line":221,"column":102}},"type":"binary-expr","locations":[{"start":{"line":221,"column":43},"end":{"line":221,"column":66}},{"start":{"line":221,"column":70},"end":{"line":221,"column":83}},{"start":{"line":221,"column":87},"end":{"line":221,"column":102}}],"line":221},"10":{"loc":{"start":{"line":224,"column":44},"end":{"line":224,"column":76}},"type":"binary-expr","locations":[{"start":{"line":224,"column":44},"end":{"line":224,"column":57}},{"start":{"line":224,"column":61},"end":{"line":224,"column":76}}],"line":224},"11":{"loc":{"start":{"line":232,"column":3},"end":{"line":239,"column":3}},"type":"if","locations":[{"start":{"line":232,"column":3},"end":{"line":239,"column":3}},{"start":{"line":237,"column":10},"end":{"line":239,"column":3}}],"line":232},"12":{"loc":{"start":{"line":232,"column":7},"end":{"line":232,"column":37}},"type":"binary-expr","locations":[{"start":{"line":232,"column":7},"end":{"line":232,"column":19}},{"start":{"line":232,"column":23},"end":{"line":232,"column":37}}],"line":232},"13":{"loc":{"start":{"line":233,"column":4},"end":{"line":237,"column":3}},"type":"if","locations":[{"start":{"line":233,"column":4},"end":{"line":237,"column":3}},{"start":{"line":235,"column":9},"end":{"line":237,"column":3}}],"line":233},"14":{"loc":{"start":{"line":233,"column":26},"end":{"line":233,"column":56}},"type":"binary-expr","locations":[{"start":{"line":233,"column":26},"end":{"line":233,"column":39}},{"start":{"line":233,"column":43},"end":{"line":233,"column":56}}],"line":233},"15":{"loc":{"start":{"line":235,"column":9},"end":{"line":237,"column":3}},"type":"if","locations":[{"start":{"line":235,"column":9},"end":{"line":237,"column":3}},{"start":{},"end":{}}],"line":235},"16":{"loc":{"start":{"line":235,"column":31},"end":{"line":235,"column":65}},"type":"binary-expr","locations":[{"start":{"line":235,"column":31},"end":{"line":235,"column":41}},{"start":{"line":235,"column":45},"end":{"line":235,"column":65}}],"line":235},"17":{"loc":{"start":{"line":242,"column":20},"end":{"line":242,"column":52}},"type":"cond-expr","locations":[{"start":{"line":242,"column":31},"end":{"line":242,"column":40}},{"start":{"line":242,"column":42},"end":{"line":242,"column":52}}],"line":242}},"s":{"0":3,"1":3,"2":3,"3":3,"4":3,"5":3,"6":0,"7":0,"8":3,"9":3,"10":0,"11":0,"12":0,"13":0,"14":3,"15":3,"16":3,"17":3,"18":0,"19":0,"20":0,"21":3,"22":0,"23":0,"24":0,"25":0,"26":0,"27":0,"28":0,"29":3,"30":0,"31":0,"32":0,"33":0,"34":0,"35":0,"36":0,"37":0,"38":0,"39":0,"40":0,"41":3,"42":0,"43":0,"44":0,"45":0,"46":0,"47":0,"48":0,"49":0,"50":0,"51":0,"52":3,"53":3,"54":0,"55":0,"56":0,"57":0,"58":0,"59":0,"60":0,"61":0,"62":0,"63":0,"64":3,"65":3,"66":3,"67":3,"68":0,"69":3,"70":0,"71":0,"72":0,"73":0,"74":0,"75":3,"76":0,"77":0,"78":0,"79":0,"80":0,"81":0,"82":3,"83":3,"84":3,"85":0},"f":{"0":3,"1":0,"2":0,"3":3,"4":0,"5":0,"6":0,"7":0,"8":3,"9":0,"10":0,"11":0,"12":0,"13":0,"14":0,"15":0,"16":0,"17":0,"18":0,"19":0,"20":0,"21":0,"22":0,"23":0,"24":3,"25":0,"26":0,"27":0,"28":0,"29":0,"30":3,"31":0,"32":0,"33":0,"34":0,"35":0,"36":0,"37":0},"b":{"0":[0,0],"1":[0,0],"2":[0,0],"3":[0,0],"4":[0,0],"5":[0,0],"6":[0,0],"7":[0,0],"8":[3,0],"9":[0,0,0],"10":[0,0],"11":[0,3],"12":[3,3],"13":[0,0],"14":[0,0],"15":[0,0],"16":[0,0],"17":[0,3]},"_coverageSchema":"1a1c01bbd47fc00a2c39e90264f33305004495a9","hash":"cf9d51ef446ce0f7de7d242f63a1919cca3f226f"}
,"/Users/johnwroge/spaced_recall/src/UserLogin.js": {"path":"/Users/johnwroge/spaced_recall/src/UserLogin.js","statementMap":{"0":{"start":{"line":4,"column":2},"end":{"line":6,"column":3}}},"fnMap":{"0":{"name":"UserLogin","decl":{"start":{"line":3,"column":24},"end":{"line":3,"column":33}},"loc":{"start":{"line":3,"column":36},"end":{"line":7,"column":1}},"line":3}},"branchMap":{},"s":{"0":0},"f":{"0":0},"b":{}}
}
