TN:
SF:src/App.js
FN:9,(anonymous_0)
FNF:1
FNH:1
FNDA:2,(anonymous_0)
DA:9,1
DA:10,2
LF:2
LH:2
BRF:0
BRH:0
end_of_record
TN:
SF:src/Card.js
FN:6,Card
FN:15,(anonymous_1)
FN:20,(anonymous_2)
FN:27,(anonymous_3)
FNF:4
FNH:2
FNDA:3,Card
FNDA:1,(anonymous_1)
FNDA:0,(anonymous_2)
FNDA:0,(anonymous_3)
DA:8,3
DA:10,3
DA:15,3
DA:16,1
DA:20,3
DA:21,0
DA:22,0
DA:27,3
DA:28,0
DA:29,0
DA:33,3
DA:35,3
LF:12
LH:8
BRDA:33,0,0,0
BRDA:33,0,1,3
BRDA:38,1,0,3
BRDA:38,1,1,1
BRDA:44,2,0,3
BRDA:44,2,1,2
BRDA:48,3,0,3
BRDA:48,3,1,1
BRF:8
BRH:7
end_of_record
TN:
SF:src/CreateCard.js
FN:3,CreateCard
FNF:1
FNH:1
FNDA:4,CreateCard
DA:4,4
LF:1
LH:1
BRF:0
BRH:0
end_of_record
TN:
SF:src/Login.js
FN:4,(anonymous_0)
FN:8,(anonymous_1)
FN:20,(anonymous_2)
FN:27,(anonymous_3)
FNF:4
FNH:0
FNDA:0,(anonymous_0)
FNDA:0,(anonymous_1)
FNDA:0,(anonymous_2)
FNDA:0,(anonymous_3)
DA:4,1
DA:5,0
DA:6,0
DA:8,0
DA:9,0
DA:12,0
DA:20,0
DA:27,0
LF:8
LH:1
BRF:0
BRH:0
end_of_record
TN:
SF:src/UserDisplay.js
FN:8,UserDisplay
FN:33,(anonymous_1)
FN:34,(anonymous_2)
FN:41,(anonymous_3)
FN:42,(anonymous_4)
FN:44,(anonymous_5)
FN:45,(anonymous_6)
FN:46,(anonymous_7)
FN:51,(anonymous_8)
FN:63,(anonymous_9)
FN:65,(anonymous_10)
FN:76,(anonymous_11)
FN:94,(anonymous_12)
FN:99,(anonymous_13)
FN:110,(anonymous_14)
FN:112,(anonymous_15)
FN:134,(anonymous_16)
FN:135,(anonymous_17)
FN:138,(anonymous_18)
FN:147,(anonymous_19)
FN:149,(anonymous_20)
FN:170,(anonymous_21)
FN:171,(anonymous_22)
FN:172,(anonymous_23)
FN:182,(anonymous_24)
FN:183,(anonymous_25)
FN:184,(anonymous_26)
FN:201,(anonymous_27)
FN:202,(anonymous_28)
FN:203,(anonymous_29)
FN:208,(anonymous_30)
FN:221,(anonymous_31)
FN:222,(anonymous_32)
FN:224,(anonymous_33)
FN:225,(anonymous_34)
FN:233,(anonymous_35)
FN:235,(anonymous_36)
FN:258,(anonymous_37)
FNF:38
FNH:5
FNDA:3,UserDisplay
FNDA:0,(anonymous_1)
FNDA:0,(anonymous_2)
FNDA:3,(anonymous_3)
FNDA:0,(anonymous_4)
FNDA:0,(anonymous_5)
FNDA:0,(anonymous_6)
FNDA:0,(anonymous_7)
FNDA:3,(anonymous_8)
FNDA:0,(anonymous_9)
FNDA:0,(anonymous_10)
FNDA:0,(anonymous_11)
FNDA:0,(anonymous_12)
FNDA:0,(anonymous_13)
FNDA:0,(anonymous_14)
FNDA:0,(anonymous_15)
FNDA:0,(anonymous_16)
FNDA:0,(anonymous_17)
FNDA:0,(anonymous_18)
FNDA:0,(anonymous_19)
FNDA:0,(anonymous_20)
FNDA:0,(anonymous_21)
FNDA:0,(anonymous_22)
FNDA:0,(anonymous_23)
FNDA:3,(anonymous_24)
FNDA:0,(anonymous_25)
FNDA:0,(anonymous_26)
FNDA:0,(anonymous_27)
FNDA:0,(anonymous_28)
FNDA:0,(anonymous_29)
FNDA:3,(anonymous_30)
FNDA:0,(anonymous_31)
FNDA:0,(anonymous_32)
FNDA:0,(anonymous_33)
FNDA:0,(anonymous_34)
FNDA:0,(anonymous_35)
FNDA:0,(anonymous_36)
FNDA:0,(anonymous_37)
DA:11,3
DA:14,3
DA:17,3
DA:19,3
DA:22,3
DA:33,3
DA:34,0
DA:41,3
DA:42,3
DA:43,0
DA:44,0
DA:45,0
DA:46,0
DA:49,3
DA:51,3
DA:52,3
DA:63,3
DA:64,0
DA:65,0
DA:76,3
DA:77,0
DA:78,0
DA:87,0
DA:95,0
DA:96,0
DA:100,0
DA:102,0
DA:110,3
DA:112,0
DA:113,0
DA:115,0
DA:116,0
DA:118,0
DA:119,0
DA:121,0
DA:134,0
DA:136,0
DA:138,0
DA:147,3
DA:149,0
DA:151,0
DA:152,0
DA:153,0
DA:154,0
DA:157,0
DA:170,0
DA:171,0
DA:172,0
DA:182,3
DA:183,3
DA:184,0
DA:185,0
DA:186,0
DA:187,0
DA:188,0
DA:189,0
DA:191,0
DA:201,0
DA:202,0
DA:203,0
DA:208,3
DA:209,3
DA:220,3
DA:221,3
DA:222,3
DA:224,0
DA:225,0
DA:232,3
DA:233,0
DA:234,0
DA:235,0
DA:236,0
DA:238,3
DA:242,3
DA:245,3
DA:259,0
LF:76
LH:26
BRDA:95,0,0,0
BRDA:95,0,1,0
BRDA:116,1,0,0
BRDA:116,1,1,0
BRDA:118,2,0,0
BRDA:118,2,1,0
BRDA:153,3,0,0
BRDA:153,3,1,0
BRDA:185,4,0,0
BRDA:185,4,1,0
BRDA:185,5,0,0
BRDA:185,5,1,0
BRDA:189,6,0,0
BRDA:189,6,1,0
BRDA:220,7,0,3
BRDA:220,7,1,0
BRDA:221,8,0,0
BRDA:221,8,1,0
BRDA:221,8,2,0
BRDA:224,9,0,0
BRDA:224,9,1,0
BRDA:232,10,0,0
BRDA:232,10,1,3
BRDA:232,11,0,3
BRDA:232,11,1,3
BRDA:233,12,0,0
BRDA:233,12,1,0
BRDA:233,13,0,0
BRDA:233,13,1,0
BRDA:235,14,0,0
BRDA:235,14,1,0
BRDA:235,15,0,0
BRDA:235,15,1,0
BRDA:242,16,0,0
BRDA:242,16,1,3
BRF:35
BRH:5
end_of_record
TN:
SF:src/UserLogin.js
FN:3,UserLogin
FNF:1
FNH:0
FNDA:0,UserLogin
DA:4,0
LF:1
LH:0
BRF:0
BRH:0
end_of_record
