TN:
SF:src/App.js
FN:8,(anonymous_0)
FNF:1
FNH:1
FNDA:4,(anonymous_0)
DA:8,1
DA:9,4
LF:2
LH:2
BRF:0
BRH:0
end_of_record
TN:
SF:src/Card.js
FN:6,Card
FN:15,(anonymous_1)
FN:20,(anonymous_2)
FN:27,(anonymous_3)
FNF:4
FNH:0
FNDA:0,Card
FNDA:0,(anonymous_1)
FNDA:0,(anonymous_2)
FNDA:0,(anonymous_3)
DA:8,0
DA:10,0
DA:15,0
DA:16,0
DA:20,0
DA:21,0
DA:22,0
DA:27,0
DA:28,0
DA:29,0
DA:33,0
DA:35,0
LF:12
LH:0
BRDA:33,0,0,0
BRDA:33,0,1,0
BRDA:38,1,0,0
BRDA:38,1,1,0
BRDA:44,2,0,0
BRDA:44,2,1,0
BRDA:48,3,0,0
BRDA:48,3,1,0
BRF:8
BRH:0
end_of_record
TN:
SF:src/CreateCard.js
FN:3,CreateCard
FNF:1
FNH:1
FNDA:1,CreateCard
DA:4,1
LF:1
LH:1
BRF:0
BRH:0
end_of_record
TN:
SF:src/UserDisplay.js
FN:8,UserDisplay
FN:33,(anonymous_1)
FN:34,(anonymous_2)
FN:41,(anonymous_3)
FN:42,(anonymous_4)
FN:44,(anonymous_5)
FN:45,(anonymous_6)
FN:46,(anonymous_7)
FN:51,(anonymous_8)
FN:63,(anonymous_9)
FN:65,(anonymous_10)
FN:76,(anonymous_11)
FN:94,(anonymous_12)
FN:99,(anonymous_13)
FN:110,(anonymous_14)
FN:113,(anonymous_15)
FN:135,(anonymous_16)
FN:136,(anonymous_17)
FN:139,(anonymous_18)
FN:148,(anonymous_19)
FN:150,(anonymous_20)
FN:171,(anonymous_21)
FN:172,(anonymous_22)
FN:173,(anonymous_23)
FN:181,(anonymous_24)
FN:182,(anonymous_25)
FN:183,(anonymous_26)
FN:200,(anonymous_27)
FN:201,(anonymous_28)
FN:202,(anonymous_29)
FN:207,(anonymous_30)
FN:221,(anonymous_31)
FN:222,(anonymous_32)
FN:224,(anonymous_33)
FN:225,(anonymous_34)
FN:231,(anonymous_35)
FN:233,(anonymous_36)
FN:261,(anonymous_37)
FNF:38
FNH:5
FNDA:1,UserDisplay
FNDA:0,(anonymous_1)
FNDA:0,(anonymous_2)
FNDA:1,(anonymous_3)
FNDA:0,(anonymous_4)
FNDA:0,(anonymous_5)
FNDA:0,(anonymous_6)
FNDA:0,(anonymous_7)
FNDA:1,(anonymous_8)
FNDA:0,(anonymous_9)
FNDA:0,(anonymous_10)
FNDA:0,(anonymous_11)
FNDA:0,(anonymous_12)
FNDA:0,(anonymous_13)
FNDA:0,(anonymous_14)
FNDA:0,(anonymous_15)
FNDA:0,(anonymous_16)
FNDA:0,(anonymous_17)
FNDA:0,(anonymous_18)
FNDA:0,(anonymous_19)
FNDA:0,(anonymous_20)
FNDA:0,(anonymous_21)
FNDA:0,(anonymous_22)
FNDA:0,(anonymous_23)
FNDA:1,(anonymous_24)
FNDA:0,(anonymous_25)
FNDA:0,(anonymous_26)
FNDA:0,(anonymous_27)
FNDA:0,(anonymous_28)
FNDA:0,(anonymous_29)
FNDA:1,(anonymous_30)
FNDA:0,(anonymous_31)
FNDA:0,(anonymous_32)
FNDA:0,(anonymous_33)
FNDA:0,(anonymous_34)
FNDA:0,(anonymous_35)
FNDA:0,(anonymous_36)
FNDA:0,(anonymous_37)
DA:11,1
DA:14,1
DA:17,1
DA:19,1
DA:22,1
DA:33,1
DA:34,0
DA:41,1
DA:42,1
DA:43,0
DA:44,0
DA:45,0
DA:46,0
DA:49,1
DA:51,1
DA:52,1
DA:63,1
DA:64,0
DA:65,0
DA:76,1
DA:77,0
DA:78,0
DA:87,0
DA:95,0
DA:96,0
DA:100,0
DA:102,0
DA:110,1
DA:113,0
DA:114,0
DA:116,0
DA:117,0
DA:119,0
DA:120,0
DA:122,0
DA:135,0
DA:137,0
DA:139,0
DA:148,1
DA:150,0
DA:152,0
DA:153,0
DA:154,0
DA:155,0
DA:158,0
DA:171,0
DA:172,0
DA:173,0
DA:181,1
DA:182,1
DA:183,0
DA:184,0
DA:185,0
DA:186,0
DA:187,0
DA:188,0
DA:190,0
DA:200,0
DA:201,0
DA:202,0
DA:207,1
DA:208,1
DA:220,1
DA:221,1
DA:222,1
DA:224,0
DA:225,0
DA:230,1
DA:231,0
DA:232,0
DA:233,0
DA:234,0
DA:236,1
DA:241,1
DA:242,1
DA:244,0
DA:248,1
DA:262,0
LF:78
LH:27
BRDA:95,0,0,0
BRDA:95,0,1,0
BRDA:117,1,0,0
BRDA:117,1,1,0
BRDA:119,2,0,0
BRDA:119,2,1,0
BRDA:154,3,0,0
BRDA:154,3,1,0
BRDA:184,4,0,0
BRDA:184,4,1,0
BRDA:184,5,0,0
BRDA:184,5,1,0
BRDA:188,6,0,0
BRDA:188,6,1,0
BRDA:220,7,0,1
BRDA:220,7,1,0
BRDA:221,8,0,0
BRDA:221,8,1,0
BRDA:221,8,2,0
BRDA:224,9,0,0
BRDA:224,9,1,0
BRDA:230,10,0,0
BRDA:230,10,1,1
BRDA:230,11,0,1
BRDA:230,11,1,1
BRDA:231,12,0,0
BRDA:231,12,1,0
BRDA:231,13,0,0
BRDA:231,13,1,0
BRDA:233,14,0,0
BRDA:233,14,1,0
BRDA:233,15,0,0
BRDA:233,15,1,0
BRDA:241,16,0,1
BRDA:241,16,1,0
BRF:35
BRH:5
end_of_record
TN:
SF:src/UserLogin.js
FN:3,UserLogin
FNF:1
FNH:0
FNDA:0,UserLogin
DA:4,0
LF:1
LH:0
BRF:0
BRH:0
end_of_record
